{"/Users/paulaherrera/HackReactor/FEC/recommended/database/activitySchema.js": {"path":"/Users/paulaherrera/HackReactor/FEC/recommended/database/activitySchema.js","statementMap":{"0":{"start":{"line":1,"column":17},"end":{"line":1,"column":36}},"1":{"start":{"line":3,"column":0},"end":{"line":3,"column":34}},"2":{"start":{"line":5,"column":23},"end":{"line":13,"column":2}},"3":{"start":{"line":15,"column":17},"end":{"line":15,"column":59}},"4":{"start":{"line":17,"column":0},"end":{"line":17,"column":26}}},"fnMap":{},"branchMap":{},"s":{"0":2,"1":2,"2":2,"3":2,"4":2},"f":{},"b":{},"_coverageSchema":"1a1c01bbd47fc00a2c39e90264f33305004495a9","hash":"a8015a6e29c4b9bec790d9ab58e51650e0d0c33f"}
,"/Users/paulaherrera/HackReactor/FEC/recommended/database/homeSchema.js": {"path":"/Users/paulaherrera/HackReactor/FEC/recommended/database/homeSchema.js","statementMap":{"0":{"start":{"line":2,"column":17},"end":{"line":2,"column":36}},"1":{"start":{"line":3,"column":11},"end":{"line":3,"column":32}},"2":{"start":{"line":5,"column":0},"end":{"line":5,"column":34}},"3":{"start":{"line":7,"column":19},"end":{"line":18,"column":2}},"4":{"start":{"line":20,"column":13},"end":{"line":20,"column":47}},"5":{"start":{"line":22,"column":0},"end":{"line":22,"column":22}}},"fnMap":{},"branchMap":{},"s":{"0":2,"1":2,"2":2,"3":2,"4":2,"5":2},"f":{},"b":{},"_coverageSchema":"1a1c01bbd47fc00a2c39e90264f33305004495a9","hash":"aa5cc241df0e072fdd347452095778819b42ca48"}
,"/Users/paulaherrera/HackReactor/FEC/recommended/database/index.js": {"path":"/Users/paulaherrera/HackReactor/FEC/recommended/database/index.js","statementMap":{"0":{"start":{"line":2,"column":17},"end":{"line":2,"column":36}},"1":{"start":{"line":4,"column":0},"end":{"line":4,"column":34}},"2":{"start":{"line":6,"column":17},"end":{"line":6,"column":45}},"3":{"start":{"line":8,"column":11},"end":{"line":10,"column":61}},"4":{"start":{"line":9,"column":14},"end":{"line":9,"column":47}},"5":{"start":{"line":10,"column":18},"end":{"line":10,"column":60}},"6":{"start":{"line":12,"column":0},"end":{"line":12,"column":20}}},"fnMap":{"0":{"name":"(anonymous_0)","decl":{"start":{"line":9,"column":8},"end":{"line":9,"column":9}},"loc":{"start":{"line":9,"column":14},"end":{"line":9,"column":47}},"line":9},"1":{"name":"(anonymous_1)","decl":{"start":{"line":10,"column":9},"end":{"line":10,"column":10}},"loc":{"start":{"line":10,"column":18},"end":{"line":10,"column":60}},"line":10}},"branchMap":{},"s":{"0":2,"1":2,"2":2,"3":2,"4":2,"5":0,"6":2},"f":{"0":2,"1":0},"b":{},"_coverageSchema":"1a1c01bbd47fc00a2c39e90264f33305004495a9","hash":"064820cf05fc2d07e3353e3222b42bf5bc5d5fd2"}
,"/Users/paulaherrera/HackReactor/FEC/recommended/server/app.js": {"path":"/Users/paulaherrera/HackReactor/FEC/recommended/server/app.js","statementMap":{"0":{"start":{"line":3,"column":19},"end":{"line":3,"column":41}},"1":{"start":{"line":4,"column":13},"end":{"line":4,"column":49}},"2":{"start":{"line":5,"column":17},"end":{"line":5,"column":57}},"3":{"start":{"line":7,"column":12},"end":{"line":7,"column":21}},"4":{"start":{"line":8,"column":0},"end":{"line":8,"column":32}},"5":{"start":{"line":9,"column":0},"end":{"line":9,"column":27}},"6":{"start":{"line":10,"column":0},"end":{"line":10,"column":51}},"7":{"start":{"line":12,"column":0},"end":{"line":26,"column":3}},"8":{"start":{"line":13,"column":2},"end":{"line":25,"column":7}},"9":{"start":{"line":15,"column":6},"end":{"line":21,"column":11}},"10":{"start":{"line":17,"column":10},"end":{"line":17,"column":38}},"11":{"start":{"line":20,"column":10},"end":{"line":20,"column":36}},"12":{"start":{"line":24,"column":6},"end":{"line":24,"column":32}},"13":{"start":{"line":28,"column":0},"end":{"line":42,"column":3}},"14":{"start":{"line":29,"column":2},"end":{"line":41,"column":7}},"15":{"start":{"line":31,"column":6},"end":{"line":37,"column":11}},"16":{"start":{"line":33,"column":10},"end":{"line":33,"column":43}},"17":{"start":{"line":36,"column":10},"end":{"line":36,"column":36}},"18":{"start":{"line":40,"column":6},"end":{"line":40,"column":32}},"19":{"start":{"line":44,"column":0},"end":{"line":44,"column":21}}},"fnMap":{"0":{"name":"(anonymous_0)","decl":{"start":{"line":12,"column":22},"end":{"line":12,"column":23}},"loc":{"start":{"line":12,"column":36},"end":{"line":26,"column":1}},"line":12},"1":{"name":"(anonymous_1)","decl":{"start":{"line":14,"column":10},"end":{"line":14,"column":11}},"loc":{"start":{"line":14,"column":20},"end":{"line":22,"column":5}},"line":14},"2":{"name":"(anonymous_2)","decl":{"start":{"line":16,"column":14},"end":{"line":16,"column":15}},"loc":{"start":{"line":16,"column":25},"end":{"line":18,"column":9}},"line":16},"3":{"name":"(anonymous_3)","decl":{"start":{"line":19,"column":15},"end":{"line":19,"column":16}},"loc":{"start":{"line":19,"column":24},"end":{"line":21,"column":9}},"line":19},"4":{"name":"(anonymous_4)","decl":{"start":{"line":23,"column":11},"end":{"line":23,"column":12}},"loc":{"start":{"line":23,"column":20},"end":{"line":25,"column":5}},"line":23},"5":{"name":"(anonymous_5)","decl":{"start":{"line":28,"column":27},"end":{"line":28,"column":28}},"loc":{"start":{"line":28,"column":41},"end":{"line":42,"column":1}},"line":28},"6":{"name":"(anonymous_6)","decl":{"start":{"line":30,"column":10},"end":{"line":30,"column":11}},"loc":{"start":{"line":30,"column":20},"end":{"line":38,"column":5}},"line":30},"7":{"name":"(anonymous_7)","decl":{"start":{"line":32,"column":14},"end":{"line":32,"column":15}},"loc":{"start":{"line":32,"column":30},"end":{"line":34,"column":9}},"line":32},"8":{"name":"(anonymous_8)","decl":{"start":{"line":35,"column":15},"end":{"line":35,"column":16}},"loc":{"start":{"line":35,"column":24},"end":{"line":37,"column":9}},"line":35},"9":{"name":"(anonymous_9)","decl":{"start":{"line":39,"column":11},"end":{"line":39,"column":12}},"loc":{"start":{"line":39,"column":20},"end":{"line":41,"column":5}},"line":39}},"branchMap":{},"s":{"0":1,"1":1,"2":1,"3":1,"4":1,"5":1,"6":1,"7":1,"8":3,"9":2,"10":2,"11":0,"12":1,"13":1,"14":3,"15":2,"16":2,"17":0,"18":1,"19":1},"f":{"0":3,"1":2,"2":2,"3":0,"4":1,"5":3,"6":2,"7":2,"8":0,"9":1},"b":{},"_coverageSchema":"1a1c01bbd47fc00a2c39e90264f33305004495a9","hash":"fec5be3d52e3e98cbc986cf34aa7310ad6b22db0"}
,"/Users/paulaherrera/HackReactor/FEC/recommended/src/components/ActivityListing.jsx": {"path":"/Users/paulaherrera/HackReactor/FEC/recommended/src/components/ActivityListing.jsx","statementMap":{"0":{"start":{"line":10,"column":16},"end":{"line":19,"column":1}},"1":{"start":{"line":21,"column":16},"end":{"line":40,"column":1}},"2":{"start":{"line":42,"column":13},"end":{"line":47,"column":1}},"3":{"start":{"line":49,"column":13},"end":{"line":61,"column":1}},"4":{"start":{"line":63,"column":18},"end":{"line":77,"column":2}},"5":{"start":{"line":79,"column":24},"end":{"line":129,"column":1}},"6":{"start":{"line":80,"column":18},"end":{"line":80,"column":29}},"7":{"start":{"line":82,"column":2},"end":{"line":128,"column":4}}},"fnMap":{"0":{"name":"(anonymous_0)","decl":{"start":{"line":79,"column":24},"end":{"line":79,"column":25}},"loc":{"start":{"line":79,"column":42},"end":{"line":129,"column":1}},"line":79}},"branchMap":{},"s":{"0":1,"1":1,"2":1,"3":1,"4":1,"5":1,"6":1,"7":1},"f":{"0":1},"b":{},"_coverageSchema":"1a1c01bbd47fc00a2c39e90264f33305004495a9","hash":"d0512fde6077c66c99abad58515b7a82c0db56c0"}
,"/Users/paulaherrera/HackReactor/FEC/recommended/src/components/App.jsx": {"path":"/Users/paulaherrera/HackReactor/FEC/recommended/src/components/App.jsx","statementMap":{"0":{"start":{"line":11,"column":18},"end":{"line":15,"column":1}},"1":{"start":{"line":19,"column":4},"end":{"line":19,"column":12}},"2":{"start":{"line":20,"column":4},"end":{"line":25,"column":6}},"3":{"start":{"line":29,"column":19},"end":{"line":29,"column":29}},"4":{"start":{"line":30,"column":4},"end":{"line":36,"column":9}},"5":{"start":{"line":32,"column":25},"end":{"line":32,"column":48}},"6":{"start":{"line":33,"column":8},"end":{"line":35,"column":11}},"7":{"start":{"line":37,"column":4},"end":{"line":43,"column":9}},"8":{"start":{"line":39,"column":31},"end":{"line":39,"column":46}},"9":{"start":{"line":40,"column":8},"end":{"line":42,"column":11}},"10":{"start":{"line":47,"column":48},"end":{"line":47,"column":58}},"11":{"start":{"line":48,"column":4},"end":{"line":64,"column":6}}},"fnMap":{"0":{"name":"(anonymous_0)","decl":{"start":{"line":18,"column":2},"end":{"line":18,"column":3}},"loc":{"start":{"line":18,"column":16},"end":{"line":26,"column":3}},"line":18},"1":{"name":"(anonymous_1)","decl":{"start":{"line":28,"column":2},"end":{"line":28,"column":3}},"loc":{"start":{"line":28,"column":22},"end":{"line":44,"column":3}},"line":28},"2":{"name":"(anonymous_2)","decl":{"start":{"line":31,"column":12},"end":{"line":31,"column":13}},"loc":{"start":{"line":31,"column":23},"end":{"line":36,"column":7}},"line":31},"3":{"name":"(anonymous_3)","decl":{"start":{"line":38,"column":12},"end":{"line":38,"column":13}},"loc":{"start":{"line":38,"column":28},"end":{"line":43,"column":7}},"line":38},"4":{"name":"(anonymous_4)","decl":{"start":{"line":46,"column":2},"end":{"line":46,"column":3}},"loc":{"start":{"line":46,"column":11},"end":{"line":65,"column":3}},"line":46}},"branchMap":{},"s":{"0":1,"1":2,"2":2,"3":2,"4":2,"5":0,"6":0,"7":2,"8":0,"9":0,"10":2,"11":2},"f":{"0":2,"1":2,"2":0,"3":0,"4":2},"b":{},"_coverageSchema":"1a1c01bbd47fc00a2c39e90264f33305004495a9","hash":"7b41b6050480c0626b25e87c40ad9a119b535ba2"}
,"/Users/paulaherrera/HackReactor/FEC/recommended/src/components/ExploreOtherOptions.jsx": {"path":"/Users/paulaherrera/HackReactor/FEC/recommended/src/components/ExploreOtherOptions.jsx","statementMap":{"0":{"start":{"line":5,"column":18},"end":{"line":23,"column":1}},"1":{"start":{"line":25,"column":14},"end":{"line":31,"column":1}},"2":{"start":{"line":33,"column":21},"end":{"line":45,"column":1}},"3":{"start":{"line":47,"column":24},"end":{"line":51,"column":1}},"4":{"start":{"line":53,"column":28},"end":{"line":118,"column":1}},"5":{"start":{"line":54,"column":2},"end":{"line":117,"column":8}}},"fnMap":{"0":{"name":"(anonymous_0)","decl":{"start":{"line":53,"column":28},"end":{"line":53,"column":29}},"loc":{"start":{"line":54,"column":2},"end":{"line":117,"column":8}},"line":54}},"branchMap":{},"s":{"0":1,"1":1,"2":1,"3":1,"4":1,"5":1},"f":{"0":1},"b":{},"_coverageSchema":"1a1c01bbd47fc00a2c39e90264f33305004495a9","hash":"df182ac0aa0caf66d2832c88fc0a4df6d2f8af01"}
,"/Users/paulaherrera/HackReactor/FEC/recommended/src/components/HomeListing.jsx": {"path":"/Users/paulaherrera/HackReactor/FEC/recommended/src/components/HomeListing.jsx","statementMap":{"0":{"start":{"line":10,"column":16},"end":{"line":19,"column":1}},"1":{"start":{"line":21,"column":16},"end":{"line":40,"column":1}},"2":{"start":{"line":42,"column":22},"end":{"line":47,"column":1}},"3":{"start":{"line":49,"column":13},"end":{"line":54,"column":1}},"4":{"start":{"line":56,"column":13},"end":{"line":68,"column":1}},"5":{"start":{"line":70,"column":18},"end":{"line":84,"column":2}},"6":{"start":{"line":86,"column":20},"end":{"line":147,"column":1}},"7":{"start":{"line":87,"column":18},"end":{"line":87,"column":29}},"8":{"start":{"line":89,"column":2},"end":{"line":146,"column":4}}},"fnMap":{"0":{"name":"(anonymous_0)","decl":{"start":{"line":86,"column":20},"end":{"line":86,"column":21}},"loc":{"start":{"line":86,"column":34},"end":{"line":147,"column":1}},"line":86}},"branchMap":{},"s":{"0":1,"1":1,"2":1,"3":1,"4":1,"5":1,"6":1,"7":1,"8":1},"f":{"0":1},"b":{},"_coverageSchema":"1a1c01bbd47fc00a2c39e90264f33305004495a9","hash":"eff52254f9b63fdf70bbce6d7994503b3d6451f9"}
,"/Users/paulaherrera/HackReactor/FEC/recommended/src/components/PlacesToStay.jsx": {"path":"/Users/paulaherrera/HackReactor/FEC/recommended/src/components/PlacesToStay.jsx","statementMap":{"0":{"start":{"line":7,"column":18},"end":{"line":12,"column":1}},"1":{"start":{"line":14,"column":15},"end":{"line":18,"column":1}},"2":{"start":{"line":20,"column":14},"end":{"line":27,"column":1}},"3":{"start":{"line":29,"column":16},"end":{"line":53,"column":1}},"4":{"start":{"line":55,"column":13},"end":{"line":55,"column":16}},"5":{"start":{"line":56,"column":13},"end":{"line":56,"column":16}},"6":{"start":{"line":60,"column":4},"end":{"line":60,"column":17}},"7":{"start":{"line":61,"column":4},"end":{"line":61,"column":20}},"8":{"start":{"line":62,"column":4},"end":{"line":69,"column":6}},"9":{"start":{"line":73,"column":22},"end":{"line":73,"column":32}},"10":{"start":{"line":74,"column":4},"end":{"line":104,"column":6}},"11":{"start":{"line":82,"column":64},"end":{"line":82,"column":89}},"12":{"start":{"line":83,"column":64},"end":{"line":83,"column":89}},"13":{"start":{"line":87,"column":28},"end":{"line":87,"column":48}},"14":{"start":{"line":96,"column":14},"end":{"line":99,"column":16}}},"fnMap":{"0":{"name":"(anonymous_0)","decl":{"start":{"line":59,"column":2},"end":{"line":59,"column":3}},"loc":{"start":{"line":59,"column":21},"end":{"line":70,"column":3}},"line":59},"1":{"name":"(anonymous_1)","decl":{"start":{"line":72,"column":2},"end":{"line":72,"column":3}},"loc":{"start":{"line":72,"column":11},"end":{"line":105,"column":3}},"line":72},"2":{"name":"(anonymous_2)","decl":{"start":{"line":82,"column":58},"end":{"line":82,"column":59}},"loc":{"start":{"line":82,"column":64},"end":{"line":82,"column":89}},"line":82},"3":{"name":"(anonymous_3)","decl":{"start":{"line":83,"column":58},"end":{"line":83,"column":59}},"loc":{"start":{"line":83,"column":64},"end":{"line":83,"column":89}},"line":83},"4":{"name":"(anonymous_4)","decl":{"start":{"line":87,"column":17},"end":{"line":87,"column":18}},"loc":{"start":{"line":87,"column":26},"end":{"line":87,"column":50}},"line":87},"5":{"name":"(anonymous_5)","decl":{"start":{"line":95,"column":23},"end":{"line":95,"column":24}},"loc":{"start":{"line":96,"column":14},"end":{"line":99,"column":16}},"line":96}},"branchMap":{},"s":{"0":1,"1":1,"2":1,"3":1,"4":1,"5":1,"6":1,"7":1,"8":1,"9":1,"10":1,"11":0,"12":0,"13":0,"14":0},"f":{"0":1,"1":1,"2":0,"3":0,"4":0,"5":0},"b":{},"_coverageSchema":"1a1c01bbd47fc00a2c39e90264f33305004495a9","hash":"29c83c8c6ccbcaac0e170c540eb551dc2fa26ec4"}
,"/Users/paulaherrera/HackReactor/FEC/recommended/src/components/ThingsToDo.jsx": {"path":"/Users/paulaherrera/HackReactor/FEC/recommended/src/components/ThingsToDo.jsx","statementMap":{"0":{"start":{"line":7,"column":18},"end":{"line":12,"column":1}},"1":{"start":{"line":14,"column":15},"end":{"line":18,"column":1}},"2":{"start":{"line":20,"column":14},"end":{"line":27,"column":1}},"3":{"start":{"line":29,"column":16},"end":{"line":52,"column":1}},"4":{"start":{"line":54,"column":13},"end":{"line":54,"column":16}},"5":{"start":{"line":55,"column":13},"end":{"line":55,"column":16}},"6":{"start":{"line":59,"column":4},"end":{"line":59,"column":17}},"7":{"start":{"line":60,"column":4},"end":{"line":60,"column":20}},"8":{"start":{"line":61,"column":4},"end":{"line":68,"column":6}},"9":{"start":{"line":72,"column":27},"end":{"line":72,"column":37}},"10":{"start":{"line":73,"column":4},"end":{"line":103,"column":6}},"11":{"start":{"line":81,"column":71},"end":{"line":81,"column":96}},"12":{"start":{"line":82,"column":71},"end":{"line":82,"column":96}},"13":{"start":{"line":86,"column":28},"end":{"line":86,"column":48}},"14":{"start":{"line":95,"column":14},"end":{"line":98,"column":16}}},"fnMap":{"0":{"name":"(anonymous_0)","decl":{"start":{"line":58,"column":2},"end":{"line":58,"column":3}},"loc":{"start":{"line":58,"column":21},"end":{"line":69,"column":3}},"line":58},"1":{"name":"(anonymous_1)","decl":{"start":{"line":71,"column":2},"end":{"line":71,"column":3}},"loc":{"start":{"line":71,"column":11},"end":{"line":104,"column":3}},"line":71},"2":{"name":"(anonymous_2)","decl":{"start":{"line":81,"column":65},"end":{"line":81,"column":66}},"loc":{"start":{"line":81,"column":71},"end":{"line":81,"column":96}},"line":81},"3":{"name":"(anonymous_3)","decl":{"start":{"line":82,"column":65},"end":{"line":82,"column":66}},"loc":{"start":{"line":82,"column":71},"end":{"line":82,"column":96}},"line":82},"4":{"name":"(anonymous_4)","decl":{"start":{"line":86,"column":17},"end":{"line":86,"column":18}},"loc":{"start":{"line":86,"column":26},"end":{"line":86,"column":50}},"line":86},"5":{"name":"(anonymous_5)","decl":{"start":{"line":94,"column":28},"end":{"line":94,"column":29}},"loc":{"start":{"line":95,"column":14},"end":{"line":98,"column":16}},"line":95}},"branchMap":{},"s":{"0":1,"1":1,"2":1,"3":1,"4":1,"5":1,"6":1,"7":1,"8":1,"9":1,"10":1,"11":0,"12":0,"13":0,"14":0},"f":{"0":1,"1":1,"2":0,"3":0,"4":0,"5":0},"b":{},"_coverageSchema":"1a1c01bbd47fc00a2c39e90264f33305004495a9","hash":"d42ac339e2e7b0962fce98f9b990fc42d907fa9c"}
,"/Users/paulaherrera/HackReactor/FEC/recommended/src/components/globalStyle.js": {"path":"/Users/paulaherrera/HackReactor/FEC/recommended/src/components/globalStyle.js","statementMap":{"0":{"start":{"line":3,"column":20},"end":{"line":9,"column":1}}},"fnMap":{},"branchMap":{},"s":{"0":1},"f":{},"b":{},"_coverageSchema":"1a1c01bbd47fc00a2c39e90264f33305004495a9","hash":"d7512c3794efc59e1c2501ac861143516f182120"}
,"/Users/paulaherrera/HackReactor/FEC/recommended/src/components/sampleActivities.js": {"path":"/Users/paulaherrera/HackReactor/FEC/recommended/src/components/sampleActivities.js","statementMap":{"0":{"start":{"line":1,"column":25},"end":{"line":134,"column":1}}},"fnMap":{},"branchMap":{},"s":{"0":1},"f":{},"b":{},"_coverageSchema":"1a1c01bbd47fc00a2c39e90264f33305004495a9","hash":"1275c2a2d3b22ec6c6c1dcb759a91cb3b1b3967c"}
,"/Users/paulaherrera/HackReactor/FEC/recommended/src/components/sampleHomes.js": {"path":"/Users/paulaherrera/HackReactor/FEC/recommended/src/components/sampleHomes.js","statementMap":{"0":{"start":{"line":1,"column":20},"end":{"line":314,"column":1}}},"fnMap":{},"branchMap":{},"s":{"0":1},"f":{},"b":{},"_coverageSchema":"1a1c01bbd47fc00a2c39e90264f33305004495a9","hash":"0084c92a06505a65d5ec4afdb22f85ea4a77bb38"}
}
