TN:
SF:database/activitySchema.js
FNF:0
FNH:0
DA:1,2
DA:3,2
DA:5,2
DA:15,2
DA:17,2
LF:5
LH:5
BRF:0
BRH:0
end_of_record
TN:
SF:database/homeSchema.js
FNF:0
FNH:0
DA:2,2
DA:3,2
DA:5,2
DA:7,2
DA:20,2
DA:22,2
LF:6
LH:6
BRF:0
BRH:0
end_of_record
TN:
SF:database/index.js
FN:9,(anonymous_0)
FN:10,(anonymous_1)
FNF:2
FNH:1
FNDA:2,(anonymous_0)
FNDA:0,(anonymous_1)
DA:2,2
DA:4,2
DA:6,2
DA:8,2
DA:9,2
DA:10,0
DA:12,2
LF:7
LH:6
BRF:0
BRH:0
end_of_record
TN:
SF:server/app.js
FN:12,(anonymous_0)
FN:14,(anonymous_1)
FN:16,(anonymous_2)
FN:19,(anonymous_3)
FN:23,(anonymous_4)
FN:28,(anonymous_5)
FN:30,(anonymous_6)
FN:32,(anonymous_7)
FN:35,(anonymous_8)
FN:39,(anonymous_9)
FNF:10
FNH:8
FNDA:3,(anonymous_0)
FNDA:2,(anonymous_1)
FNDA:2,(anonymous_2)
FNDA:0,(anonymous_3)
FNDA:1,(anonymous_4)
FNDA:3,(anonymous_5)
FNDA:2,(anonymous_6)
FNDA:2,(anonymous_7)
FNDA:0,(anonymous_8)
FNDA:1,(anonymous_9)
DA:3,1
DA:4,1
DA:5,1
DA:7,1
DA:8,1
DA:9,1
DA:10,1
DA:12,1
DA:13,3
DA:15,2
DA:17,2
DA:20,0
DA:24,1
DA:28,1
DA:29,3
DA:31,2
DA:33,2
DA:36,0
DA:40,1
DA:44,1
LF:20
LH:18
BRF:0
BRH:0
end_of_record
TN:
SF:src/components/ActivityListing.jsx
FN:79,(anonymous_0)
FNF:1
FNH:1
FNDA:1,(anonymous_0)
DA:10,1
DA:21,1
DA:42,1
DA:49,1
DA:63,1
DA:79,1
DA:80,1
DA:82,1
LF:8
LH:8
BRF:0
BRH:0
end_of_record
TN:
SF:src/components/App.jsx
FN:18,(anonymous_0)
FN:28,(anonymous_1)
FN:31,(anonymous_2)
FN:38,(anonymous_3)
FN:46,(anonymous_4)
FNF:5
FNH:3
FNDA:2,(anonymous_0)
FNDA:2,(anonymous_1)
FNDA:0,(anonymous_2)
FNDA:0,(anonymous_3)
FNDA:2,(anonymous_4)
DA:11,1
DA:19,2
DA:20,2
DA:29,2
DA:30,2
DA:32,0
DA:33,0
DA:37,2
DA:39,0
DA:40,0
DA:47,2
DA:48,2
LF:12
LH:8
BRF:0
BRH:0
end_of_record
TN:
SF:src/components/ExploreOtherOptions.jsx
FN:53,(anonymous_0)
FNF:1
FNH:1
FNDA:1,(anonymous_0)
DA:5,1
DA:25,1
DA:33,1
DA:47,1
DA:53,1
DA:54,1
LF:6
LH:6
BRF:0
BRH:0
end_of_record
TN:
SF:src/components/HomeListing.jsx
FN:86,(anonymous_0)
FNF:1
FNH:1
FNDA:1,(anonymous_0)
DA:10,1
DA:21,1
DA:42,1
DA:49,1
DA:56,1
DA:70,1
DA:86,1
DA:87,1
DA:89,1
LF:9
LH:9
BRF:0
BRH:0
end_of_record
TN:
SF:src/components/PlacesToStay.jsx
FN:59,(anonymous_0)
FN:72,(anonymous_1)
FN:82,(anonymous_2)
FN:83,(anonymous_3)
FN:87,(anonymous_4)
FN:95,(anonymous_5)
FNF:6
FNH:2
FNDA:1,(anonymous_0)
FNDA:1,(anonymous_1)
FNDA:0,(anonymous_2)
FNDA:0,(anonymous_3)
FNDA:0,(anonymous_4)
FNDA:0,(anonymous_5)
DA:7,1
DA:14,1
DA:20,1
DA:29,1
DA:55,1
DA:56,1
DA:60,1
DA:61,1
DA:62,1
DA:73,1
DA:74,1
DA:82,0
DA:83,0
DA:87,0
DA:96,0
LF:15
LH:11
BRF:0
BRH:0
end_of_record
TN:
SF:src/components/ThingsToDo.jsx
FN:58,(anonymous_0)
FN:71,(anonymous_1)
FN:81,(anonymous_2)
FN:82,(anonymous_3)
FN:86,(anonymous_4)
FN:94,(anonymous_5)
FNF:6
FNH:2
FNDA:1,(anonymous_0)
FNDA:1,(anonymous_1)
FNDA:0,(anonymous_2)
FNDA:0,(anonymous_3)
FNDA:0,(anonymous_4)
FNDA:0,(anonymous_5)
DA:7,1
DA:14,1
DA:20,1
DA:29,1
DA:54,1
DA:55,1
DA:59,1
DA:60,1
DA:61,1
DA:72,1
DA:73,1
DA:81,0
DA:82,0
DA:86,0
DA:95,0
LF:15
LH:11
BRF:0
BRH:0
end_of_record
TN:
SF:src/components/globalStyle.js
FNF:0
FNH:0
DA:3,1
LF:1
LH:1
BRF:0
BRH:0
end_of_record
TN:
SF:src/components/sampleActivities.js
FNF:0
FNH:0
DA:1,1
LF:1
LH:1
BRF:0
BRH:0
end_of_record
TN:
SF:src/components/sampleHomes.js
FNF:0
FNH:0
DA:1,1
LF:1
LH:1
BRF:0
BRH:0
end_of_record
